# JRE version: OpenJDK Runtime Environment Microsoft-8035246 (17.0.8+7) (build 17.0.8+7-LTS)
# Java VM: OpenJDK 64-Bit Server VM Microsoft-8035246 (17.0.8+7-LTS, mixed mode, sharing, tiered, compressed oops, compressed class ptrs, g1 gc, windows-amd64)
GC Precious Log:
 CPUs: 12 total, 12 available
 Memory: 7896M
 Large Page Support: Disabled
 NUMA Support: Disabled
 Compressed Oops: Enabled (32-bit)
 Heap Region Size: 1M
 Heap Min Capacity: 8M
 Heap Initial Capacity: 124M
 Heap Max Capacity: 2G
 Pre-touch: Disabled
 Parallel Workers: 10
 Concurrent Workers: 3
 Concurrent Refinement Workers: 10
 Periodic GC: Disabled
Heap:
 garbage-first heap   total 309248K, used 223685K [0x0000000080000000, 0x0000000100000000)
  region size 1024K, 57 young (58368K), 6 survivors (6144K)
 Metaspace       used 102696K, committed 103744K, reserved 557056K
  class space    used 14268K, committed 14784K, reserved 425984K
GC Heap History (20 events):
Event: 14.979 GC heap before
{Heap before GC invocations=64 (full 0):
 garbage-first heap   total 217088K, used 161158K [0x0000000080000000, 0x0000000100000000)
  region size 1024K, 29 young (29696K), 2 survivors (2048K)
 Metaspace       used 90982K, committed 91968K, reserved 557056K
  class space    used 12722K, committed 13184K, reserved 425984K
}
Event: 14.983 GC heap after
{Heap after GC invocations=65 (full 0):
 garbage-first heap   total 279552K, used 138370K [0x0000000080000000, 0x0000000100000000)
  region size 1024K, 4 young (4096K), 4 survivors (4096K)
 Metaspace       used 90982K, committed 91968K, reserved 557056K
  class space    used 12722K, committed 13184K, reserved 425984K
}
Event: 15.531 GC heap before
{Heap before GC invocations=66 (full 0):
 garbage-first heap   total 279552K, used 194690K [0x0000000080000000, 0x0000000100000000)
  region size 1024K, 57 young (58368K), 4 survivors (4096K)
 Metaspace       used 93439K, committed 94400K, reserved 557056K
  class space    used 13061K, committed 13568K, reserved 425984K
}
Event: 15.538 GC heap after
{Heap after GC invocations=67 (full 0):
 garbage-first heap   total 279552K, used 147754K [0x0000000080000000, 0x0000000100000000)
  region size 1024K, 8 young (8192K), 8 survivors (8192K)
 Metaspace       used 93439K, committed 94400K, reserved 557056K
  class space    used 13061K, committed 13568K, reserved 425984K
}
Event: 15.569 GC heap before
{Heap before GC invocations=67 (full 0):
 garbage-first heap   total 279552K, used 151850K [0x0000000080000000, 0x0000000100000000)
  region size 1024K, 13 young (13312K), 8 survivors (8192K)
 Metaspace       used 93954K, committed 94912K, reserved 557056K
  class space    used 13149K, committed 13632K, reserved 425984K
}
Event: 15.573 GC heap after
{Heap after GC invocations=68 (full 0):
 garbage-first heap   total 279552K, used 147433K [0x0000000080000000, 0x0000000100000000)
  region size 1024K, 1 young (1024K), 1 survivors (1024K)
 Metaspace       used 93954K, committed 94912K, reserved 557056K
  class space    used 13149K, committed 13632K, reserved 425984K
}
Event: 16.063 GC heap before
{Heap before GC invocations=68 (full 0):
 garbage-first heap   total 279552K, used 201705K [0x0000000080000000, 0x0000000100000000)
  region size 1024K, 54 young (55296K), 1 survivors (1024K)
 Metaspace       used 97234K, committed 98176K, reserved 557056K
  class space    used 13599K, committed 14080K, reserved 425984K
}
Event: 16.068 GC heap after
{Heap after GC invocations=69 (full 0):
 garbage-first heap   total 279552K, used 151298K [0x0000000080000000, 0x0000000100000000)
  region size 1024K, 5 young (5120K), 5 survivors (5120K)
 Metaspace       used 97234K, committed 98176K, reserved 557056K
  class space    used 13599K, committed 14080K, reserved 425984K
}
Event: 16.566 GC heap before
{Heap before GC invocations=70 (full 0):
 garbage-first heap   total 279552K, used 207618K [0x0000000080000000, 0x0000000100000000)
  region size 1024K, 60 young (61440K), 5 survivors (5120K)
 Metaspace       used 98636K, committed 99648K, reserved 557056K
  class space    used 13759K, committed 14272K, reserved 425984K
}
Event: 16.574 GC heap after
{Heap after GC invocations=71 (full 0):
 garbage-first heap   total 279552K, used 157721K [0x0000000080000000, 0x0000000100000000)
  region size 1024K, 7 young (7168K), 7 survivors (7168K)
 Metaspace       used 98636K, committed 99648K, reserved 557056K
  class space    used 13759K, committed 14272K, reserved 425984K
}
Event: 16.609 GC heap before
{Heap before GC invocations=71 (full 0):
 garbage-first heap   total 279552K, used 163865K [0x0000000080000000, 0x0000000100000000)
  region size 1024K, 13 young (13312K), 7 survivors (7168K)
 Metaspace       used 98686K, committed 99712K, reserved 557056K
  class space    used 13760K, committed 14272K, reserved 425984K
}
Event: 16.615 GC heap after
{Heap after GC invocations=72 (full 0):
 garbage-first heap   total 279552K, used 157876K [0x0000000080000000, 0x0000000100000000)
  region size 1024K, 1 young (1024K), 1 survivors (1024K)
 Metaspace       used 98686K, committed 99712K, reserved 557056K
  class space    used 13760K, committed 14272K, reserved 425984K
}
Event: 16.910 GC heap before
{Heap before GC invocations=72 (full 0):
 garbage-first heap   total 279552K, used 213172K [0x0000000080000000, 0x0000000100000000)
  region size 1024K, 56 young (57344K), 1 survivors (1024K)
 Metaspace       used 99684K, committed 100672K, reserved 557056K
  class space    used 13856K, committed 14336K, reserved 425984K
}
Event: 16.917 GC heap after
{Heap after GC invocations=73 (full 0):
 garbage-first heap   total 279552K, used 165664K [0x0000000080000000, 0x0000000100000000)
  region size 1024K, 7 young (7168K), 7 survivors (7168K)
 Metaspace       used 99684K, committed 100672K, reserved 557056K
  class space    used 13856K, committed 14336K, reserved 425984K
}
Event: 17.381 GC heap before
{Heap before GC invocations=74 (full 0):
 garbage-first heap   total 281600K, used 223008K [0x0000000080000000, 0x0000000100000000)
  region size 1024K, 59 young (60416K), 7 survivors (7168K)
 Metaspace       used 101994K, committed 103104K, reserved 557056K
  class space    used 14174K, committed 14720K, reserved 425984K
}
Event: 17.385 GC heap after
{Heap after GC invocations=75 (full 0):
 garbage-first heap   total 281600K, used 168416K [0x0000000080000000, 0x0000000100000000)
  region size 1024K, 4 young (4096K), 4 survivors (4096K)
 Metaspace       used 101994K, committed 103104K, reserved 557056K
  class space    used 14174K, committed 14720K, reserved 425984K
}
Event: 17.445 GC heap before
{Heap before GC invocations=75 (full 0):
 garbage-first heap   total 281600K, used 176608K [0x0000000080000000, 0x0000000100000000)
  region size 1024K, 13 young (13312K), 4 survivors (4096K)
 Metaspace       used 102058K, committed 103168K, reserved 557056K
  class space    used 14174K, committed 14720K, reserved 425984K
}
Event: 17.448 GC heap after
{Heap after GC invocations=76 (full 0):
 garbage-first heap   total 281600K, used 168330K [0x0000000080000000, 0x0000000100000000)
  region size 1024K, 1 young (1024K), 1 survivors (1024K)
 Metaspace       used 102058K, committed 103168K, reserved 557056K
  class space    used 14174K, committed 14720K, reserved 425984K
}
Event: 17.698 GC heap before
{Heap before GC invocations=76 (full 0):
 garbage-first heap   total 281600K, used 223626K [0x0000000080000000, 0x0000000100000000)
  region size 1024K, 56 young (57344K), 1 survivors (1024K)
 Metaspace       used 102681K, committed 103744K, reserved 557056K
  class space    used 14274K, committed 14784K, reserved 425984K
}
Event: 17.702 GC heap after
{Heap after GC invocations=77 (full 0):
 garbage-first heap   total 281600K, used 173509K [0x0000000080000000, 0x0000000100000000)
  region size 1024K, 6 young (6144K), 6 survivors (6144K)
 Metaspace       used 102681K, committed 103744K, reserved 557056K
  class space    used 14274K, committed 14784K, reserved 425984K
}

